<?xml version="1.0" encoding="UTF-8"?>
<!-- Generated by org.testng.reporters.JUnitReportReporter -->
<testsuite hostname="LAPTOP-PAML6QAG" failures="0" tests="3" name="ddt.OrganizationTest" time="0.013" errors="0" timestamp="2022-09-22T09:51:49 IST" skipped="0">
  <testcase classname="ddt.OrganizationTest" name="createOrgTest" time="0.009"/>
  <system-out/>
  <testcase classname="ddt.OrganizationTest" name="deleteOrgTest" time="0.002"/>
  <system-out/>
  <testcase classname="ddt.OrganizationTest" name="modifyOrgTest" time="0.002"/>
  <system-out/>
</testsuite> <!-- ddt.OrganizationTest -->
