<?xml version="1.0" encoding="UTF-8"?>
<!-- Generated by org.testng.reporters.JUnitReportReporter -->
<testsuite hostname="LAPTOP-PAML6QAG" failures="0" tests="1" name="SampleTests.SampleTest" time="0.007" errors="0" timestamp="2022-09-22T11:34:20 IST" skipped="0">
  <testcase classname="SampleTests.SampleTest" name="SampleTest" time="0.007"/>
  <system-out/>
</testsuite> <!-- SampleTests.SampleTest -->
