<?xml version="1.0" encoding="UTF-8"?>
<!-- Generated by org.testng.reporters.JUnitReportReporter -->
<testsuite hostname="LAPTOP-PAML6QAG" failures="0" tests="1" name="SampleTests.Demo" time="0.008" errors="0" timestamp="2022-09-21T14:19:21 IST" skipped="0">
  <testcase classname="SampleTests.Demo" name="demo" time="0.008"/>
  <system-out/>
</testsuite> <!-- SampleTests.Demo -->
