<?xml version="1.0" encoding="UTF-8"?>
<!-- Generated by org.testng.reporters.JUnitReportReporter -->
<testsuite hostname="LAPTOP-PAML6QAG" failures="0" tests="1" name="SampleTests.DemoTest" time="0.010" errors="0" timestamp="2022-09-22T11:34:13 IST" skipped="0">
  <testcase classname="SampleTests.DemoTest" name="demo" time="0.010"/>
  <system-out/>
</testsuite> <!-- SampleTests.DemoTest -->
