<?xml version="1.0" encoding="UTF-8"?>
<!-- Generated by org.testng.reporters.JUnitReportReporter -->
<testsuite hostname="LAPTOP-PAML6QAG" failures="0" tests="1" name="ddt.ContactsTest" time="0.007" errors="0" timestamp="2022-09-22T09:53:21 IST" skipped="0">
  <testcase classname="ddt.ContactsTest" name="createContactTest" time="0.007"/>
  <system-out/>
</testsuite> <!-- ddt.ContactsTest -->
